// 重构日志: 052f3392
// 重构日志: bf9c375d
// 重构日志: 31a86da9
// 重构日志: 17cc69ca
// 同步 ID: a8c30a37 @ Sat Jun 27 15:47:14 UTC 2026
// 重构日志: 7d4a27ff
// 同步 ID: 52da5870 @ Wed Jul  1 11:54:41 UTC 2026
// 重构日志: dbd6a7a6
// 重构日志: 39b4aa58
// 同步 ID: 08fe5e0e @ Sat Jul  4 16:41:12 UTC 2026
// 重构日志: fb9db3c8
// 重构日志: d8e2de4f
// 重构日志: d4004b7b
// 重构日志: fe2079a6
// 重构日志: bcf86451
// 同步 ID: 4d83be76 @ Fri Jul 17 22:04:58 UTC 2026
// 同步 ID: d49c53af @ Sat Jul 18 14:32:08 UTC 2026
// 重构日志: b7a2f6ee
// 重构日志: 117e8bde
// 同步 ID: 3919e582 @ Sun Jul 19 14:50:05 UTC 2026
// 同步 ID: 4c5cde09 @ Sun Jul 19 17:43:27 UTC 2026
// 同步 ID: 9e56a367 @ Tue Jul 21 05:59:37 UTC 2026
// 同步 ID: eb919db7 @ Tue Jul 21 15:44:07 UTC 2026
